#
# There is insufficient memory for the Java Runtime Environment to continue.
# Native memory allocation (malloc) failed to allocate 1048576 bytes for AllocateHeap
# Possible reasons:
#   The system is out of physical RAM or swap space
#   The process is running with CompressedOops enabled, and the Java Heap may be blocking the growth of the native heap
# Possible solutions:
#   Reduce memory load on the system
#   Increase physical memory or swap space
#   Check if swap backing store is full
#   Decrease Java heap size (-Xmx/-Xms)
#   Decrease number of Java threads
#   Decrease Java thread stack sizes (-Xss)
#   Set larger code cache with -XX:ReservedCodeCacheSize=
#   JVM is running with Zero Based Compressed Oops mode in which the Java heap is
#     placed in the first 32GB address space. The Java Heap base address is the
#     maximum limit for the native heap growth. Please use -XX:HeapBaseMinAddress
#     to set the Java Heap base and to place the Java Heap above 32GB virtual address.
# This output file may be truncated or incomplete.
#
#  Out of Memory Error (memory/allocation.inline.hpp:61), pid=12824, tid=0x0000000000007450
#
# JRE version:  (8.0_362-b08) (build )
# Java VM: OpenJDK 64-Bit Server VM (25.362-b08 mixed mode windows-amd64 compressed oops)
# Failed to write core dump. Minidumps are not enabled by default on client versions of Windows
#

---------------  T H R E A D  ---------------

Current thread (0x0000021b3c12a800):  JavaThread "Unknown thread" [_thread_in_vm, id=29776, stack(0x0000001c26a00000,0x0000001c26b00000)]

Stack: [0x0000001c26a00000,0x0000001c26b00000]
[error occurred during error reporting (printing stack bounds), id 0xc0000005]

Native frames: (J=compiled Java code, j=interpreted, Vv=VM code, C=native code)


---------------  P R O C E S S  ---------------

Java Threads: ( => current thread )

Other Threads:

=>0x0000021b3c12a800 (exited) JavaThread "Unknown thread" [_thread_in_vm, id=29776, stack(0x0000001c26a00000,0x0000001c26b00000)]

VM state:not at safepoint (normal execution)

VM Mutex/Monitor currently owned by a thread: None

heap address: 0x00000006caa00000, size: 3926 MB, Compressed Oops mode: Zero based, Oop shift amount: 3
Narrow klass base: 0x0000000000000000, Narrow klass shift: 3
Compressed class space size: 1073741824 Address: 0x00000007c0000000

Heap:
 PSYoungGen      total 73728K, used 1269K [0x000000076e380000, 0x0000000773580000, 0x00000007c0000000)
  eden space 63488K, 2% used [0x000000076e380000,0x000000076e4bd718,0x0000000772180000)
  from space 10240K, 0% used [0x0000000772b80000,0x0000000772b80000,0x0000000773580000)
  to   space 10240K, 0% used [0x0000000772180000,0x0000000772180000,0x0000000772b80000)
 ParOldGen       total 167936K, used 0K [0x00000006caa00000, 0x00000006d4e00000, 0x000000076e380000)
  object space 167936K, 0% used [0x00000006caa00000,0x00000006caa00000,0x00000006d4e00000)
 Metaspace       used 790K, capacity 4480K, committed 4480K, reserved 1056768K
  class space    used 76K, capacity 384K, committed 384K, reserved 1048576K

Card table byte_map: [0x0000021b4d3c0000,0x0000021b4db70000] byte_map_base: 0x0000021b49d6b000

Marking Bits: (ParMarkBitMap*) 0x00000000702f6830
 Begin Bits: [0x0000021b4e090000, 0x0000021b51de8000)
 End Bits:   [0x0000021b51de8000, 0x0000021b55b40000)

Polling page: 0x0000021b3c3b0000

CodeCache: size=245760Kb used=327Kb max_used=327Kb free=245432Kb
 bounds [0x0000021b3e000000, 0x0000021b3e270000, 0x0000021b4d000000]
 total_blobs=56 nmethods=0 adapters=38
 compilation: enabled

Compilation events (0 events):
No events

GC Heap History (0 events):
No events

Deoptimization events (0 events):
No events

Classes redefined (0 events):
No events

Internal exceptions (0 events):
No events

Events (10 events):
Event: 0.024 loading class java/lang/Short
Event: 0.024 loading class java/lang/Short done
Event: 0.024 loading class java/lang/Integer
Event: 0.024 loading class java/lang/Integer done
Event: 0.024 loading class java/lang/Long
Event: 0.024 loading class java/lang/Long done
Event: 0.025 loading class java/lang/NullPointerException
Event: 0.025 loading class java/lang/NullPointerException done
Event: 0.025 loading class java/lang/ArithmeticException
Event: 0.025 loading class java/lang/ArithmeticException done


Dynamic libraries:
0x00007ff6f5950000 - 0x00007ff6f598a000 	C:\Users\kyp16\.jdks\corretto-1.8.0_362\bin\java.exe
0x00007ffb82c30000 - 0x00007ffb82e27000 	C:\WINDOWS\SYSTEM32\ntdll.dll
0x00007ffb822a0000 - 0x00007ffb8235d000 	C:\WINDOWS\System32\KERNEL32.DLL
0x00007ffb80740000 - 0x00007ffb80a36000 	C:\WINDOWS\System32\KERNELBASE.dll
0x00007ffb82900000 - 0x00007ffb829ae000 	C:\WINDOWS\System32\ADVAPI32.dll
0x00007ffb80e90000 - 0x00007ffb80f2e000 	C:\WINDOWS\System32\msvcrt.dll
0x00007ffb81460000 - 0x00007ffb814fc000 	C:\WINDOWS\System32\sechost.dll
0x00007ffb823e0000 - 0x00007ffb82506000 	C:\WINDOWS\System32\RPCRT4.dll
0x00007ffb82050000 - 0x00007ffb821ee000 	C:\WINDOWS\System32\USER32.dll
0x00007ffb80310000 - 0x00007ffb80332000 	C:\WINDOWS\System32\win32u.dll
0x00007ffb82bc0000 - 0x00007ffb82bec000 	C:\WINDOWS\System32\GDI32.dll
0x00007ffb805a0000 - 0x00007ffb806ba000 	C:\WINDOWS\System32\gdi32full.dll
0x00007ffb80ad0000 - 0x00007ffb80b6d000 	C:\WINDOWS\System32\msvcp_win.dll
0x00007ffb804a0000 - 0x00007ffb805a0000 	C:\WINDOWS\System32\ucrtbase.dll
0x00007ffb69000000 - 0x00007ffb6929a000 	C:\WINDOWS\WinSxS\amd64_microsoft.windows.common-controls_6595b64144ccf1df_6.0.19041.3570_none_60bb2a3971f3e41a\COMCTL32.dll
0x00007ffb82a60000 - 0x00007ffb82a90000 	C:\WINDOWS\System32\IMM32.DLL
0x00007ffb6e7e0000 - 0x00007ffb6e8cf000 	C:\Users\kyp16\.jdks\corretto-1.8.0_362\jre\bin\msvcr120.dll
0x00007ffb6f920000 - 0x00007ffb6f9c6000 	C:\Users\kyp16\.jdks\corretto-1.8.0_362\jre\bin\msvcp120.dll
0x000000006fb00000 - 0x0000000070375000 	C:\Users\kyp16\.jdks\corretto-1.8.0_362\jre\bin\server\jvm.dll
0x00007ffb80c90000 - 0x00007ffb80c98000 	C:\WINDOWS\System32\PSAPI.DLL
0x00007ffb728c0000 - 0x00007ffb728e7000 	C:\WINDOWS\SYSTEM32\WINMM.dll
0x00007ffb62480000 - 0x00007ffb62489000 	C:\WINDOWS\SYSTEM32\WSOCK32.dll
0x00007ffb78df0000 - 0x00007ffb78dfa000 	C:\WINDOWS\SYSTEM32\VERSION.dll
0x00007ffb81610000 - 0x00007ffb8167b000 	C:\WINDOWS\System32\WS2_32.dll
0x00007ffb7d2f0000 - 0x00007ffb7d2ff000 	C:\Users\kyp16\.jdks\corretto-1.8.0_362\jre\bin\verify.dll
0x00007ffb7d2a0000 - 0x00007ffb7d2c9000 	C:\Users\kyp16\.jdks\corretto-1.8.0_362\jre\bin\java.dll
0x00007ffb63840000 - 0x00007ffb63875000 	C:\Users\kyp16\.jdks\corretto-1.8.0_362\jre\bin\jdwp.dll
0x00007ffb7ae10000 - 0x00007ffb7ae18000 	C:\Users\kyp16\.jdks\corretto-1.8.0_362\jre\bin\npt.dll
0x00007ffb6e640000 - 0x00007ffb6e66a000 	C:\Users\kyp16\.jdks\corretto-1.8.0_362\jre\bin\instrument.dll
0x00007ffb7b430000 - 0x00007ffb7b446000 	C:\Users\kyp16\.jdks\corretto-1.8.0_362\jre\bin\zip.dll

VM Arguments:
jvm_args: -agentlib:jdwp=transport=dt_socket,address=127.0.0.1:58551,suspend=y,server=n -javaagent:C:\Users\kyp16\AppData\Local\JetBrains\IntelliJIdea2022.2\captureAgent\debugger-agent.jar -Dfile.encoding=UTF-8 
java_command: com.chapter19.OutputStream_.ObjectOutStream_
java_class_path (initial): C:\Users\kyp16\.jdks\corretto-1.8.0_362\jre\lib\charsets.jar;C:\Users\kyp16\.jdks\corretto-1.8.0_362\jre\lib\ext\access-bridge-64.jar;C:\Users\kyp16\.jdks\corretto-1.8.0_362\jre\lib\ext\cldrdata.jar;C:\Users\kyp16\.jdks\corretto-1.8.0_362\jre\lib\ext\dnsns.jar;C:\Users\kyp16\.jdks\corretto-1.8.0_362\jre\lib\ext\jaccess.jar;C:\Users\kyp16\.jdks\corretto-1.8.0_362\jre\lib\ext\jfxrt.jar;C:\Users\kyp16\.jdks\corretto-1.8.0_362\jre\lib\ext\localedata.jar;C:\Users\kyp16\.jdks\corretto-1.8.0_362\jre\lib\ext\nashorn.jar;C:\Users\kyp16\.jdks\corretto-1.8.0_362\jre\lib\ext\sunec.jar;C:\Users\kyp16\.jdks\corretto-1.8.0_362\jre\lib\ext\sunjce_provider.jar;C:\Users\kyp16\.jdks\corretto-1.8.0_362\jre\lib\ext\sunmscapi.jar;C:\Users\kyp16\.jdks\corretto-1.8.0_362\jre\lib\ext\sunpkcs11.jar;C:\Users\kyp16\.jdks\corretto-1.8.0_362\jre\lib\ext\zipfs.jar;C:\Users\kyp16\.jdks\corretto-1.8.0_362\jre\lib\jce.jar;C:\Users\kyp16\.jdks\corretto-1.8.0_362\jre\lib\jfr.jar;C:\Users\kyp16\.jdks\corretto-1.8.0_362\jre\lib\jfxswt.jar;C:\Users\kyp16\.jdks\corretto-1.8.0_362\jre\lib\jsse.jar;C:\Users\kyp16\.jdks\corretto-1.8.0_362\jre\lib\management-agent.jar;C:\Users\kyp16\.jdks\corretto-1.8.0_362\jre\lib\resources.jar;C:\Users\kyp16\.jdks\corretto-1.8.0_362\jre\lib\rt.jar;C:\Users\kyp16\IdeaProjects\JavaSE2\out\production\Javase.chapter10;C:\Users\kyp16\.m2\repository\org\junit\jupiter\junit-jupiter\5.8.1\junit-jupiter-5.8.1.jar;C:\Users\kyp16\.m2\repository\org\junit\jupiter\junit-jupiter-api\5.8.1\junit-jupiter-api-5.8.1.jar;C:\Users\kyp16\.m2\repository\org\opentest4j\opentest4j\1.2.0\opentest4j-1.2.0.jar;C:\Users\kyp16\.m2\repository\org\junit\platform\junit-platform-commons\1.8.1\junit-platform-commons-1.8.1.jar;C:\Users\kyp16\.m2\repository\org\apiguardian\apiguardian-api\1.1.2\apiguardian-api-1.1.2.jar;C:\Users\kyp16\.m2\repository\org\junit\jupiter\junit-jupiter-params\5.8.1\junit-jupiter-params-5.8.1.jar;C:\Users\kyp16\.m2\repository\org\junit\jupiter\junit-jup
Launcher Type: SUN_STANDARD

Environment Variables:
JAVA_HOME=C:\Program Files\Java\jre1.8.0_341
PATH=C:\WINDOWS\system32;C:\WINDOWS;C:\WINDOWS\System32\Wbem;C:\WINDOWS\System32\WindowsPowerShell\v1.0\;C:\Windows\System32;C:\Program Files (x86)\VMware\VMware Player\bin\;C:\WINDOWS\System32\OpenSSH\;C:\Program Files\dotnet\;c:\Program Files (x86)\Microsoft SQL Server\100\Tools\Binn\;c:\Program Files\Microsoft SQL Server\100\Tools\Binn\;c:\Program Files\Microsoft SQL Server\100\DTS\Binn\;C:\Program Files\Git\cmd;C:\Program Files\nodejs\;C:\ProgramData\chocolatey\bin;C:\Program Files\Pandoc\;C:\Users\kyp16\.jdks\corretto-1.8.0_362\bin;C:\Program Files (x86)\NetSarang\Xftp 7\;C:\Program Files (x86)\NetSarang\Xshell 7\;C:\Program Files (x86)\Tencent\微信web开发者工具\dll;%MYSQL_HOME%\bin;C:\WINDOWS;C:\WINDOWS\system32;C:\WINDOWS\System32\Wbem;C:\WINDOWS\System32\WindowsPowerShell\v1.0\;C:\Users\kyp16\AppData\Local\Microsoft\WindowsApps;C:\Program Files\Bandizip\;C:\Users\kyp16\.dotnet\tools;C:\Users\kyp16\AppData\Local\Programs\Microsoft VS Code\bin;C:\Program Files (x86)\Tencent\QQGameTempest\Hall.57795\;C:\Program Files\Java\jre1.8.0_341\bin;C:\Users\kyp16\AppData\Roaming\npm;;C:\Program Files\JetBrains\WebStorm 2022.2.3\bin;
USERNAME=kyp16
OS=Windows_NT
PROCESSOR_IDENTIFIER=AMD64 Family 23 Model 96 Stepping 1, AuthenticAMD



---------------  S Y S T E M  ---------------

OS: Windows 10 , 64 bit Build 19041 (10.0.19041.3570)

CPU:total 12 (initial active 12) (12 cores per cpu, 1 threads per core) family 23 model 96 stepping 1, cmov, cx8, fxsr, mmx, sse, sse2, sse3, ssse3, sse4.1, sse4.2, popcnt, avx, avx2, aes, clmul, mmxext, 3dnowpref, lzcnt, sse4a, tsc, tscinvbit, tscinv, bmi1

Memory: 4k page, physical 16074040k(3521776k free), swap 52507316k(5908k free)

vm_info: OpenJDK 64-Bit Server VM (25.362-b08) for windows-amd64 JRE (1.8.0_362-b08), built on Jan 13 2023 13:30:12 by "Administrator" with MS VC++ 12.0 (VS2013)

time: Tue Dec 05 22:23:13 2023
timezone: 中国标准时间
elapsed time: 0.031715 seconds (0d 0h 0m 0s)

