#
# There is insufficient memory for the Java Runtime Environment to continue.
# Native memory allocation (malloc) failed to allocate 32744 bytes for ChunkPool::allocate
# Possible reasons:
#   The system is out of physical RAM or swap space
#   The process is running with CompressedOops enabled, and the Java Heap may be blocking the growth of the native heap
# Possible solutions:
#   Reduce memory load on the system
#   Increase physical memory or swap space
#   Check if swap backing store is full
#   Decrease Java heap size (-Xmx/-Xms)
#   Decrease number of Java threads
#   Decrease Java thread stack sizes (-Xss)
#   Set larger code cache with -XX:ReservedCodeCacheSize=
#   JVM is running with Zero Based Compressed Oops mode in which the Java heap is
#     placed in the first 32GB address space. The Java Heap base address is the
#     maximum limit for the native heap growth. Please use -XX:HeapBaseMinAddress
#     to set the Java Heap base and to place the Java Heap above 32GB virtual address.
# This output file may be truncated or incomplete.
#
#  Out of Memory Error (allocation.cpp:272), pid=29824, tid=0x00000000000061b8
#
# JRE version: OpenJDK Runtime Environment (8.0_362-b08) (build 1.8.0_362-b08)
# Java VM: OpenJDK 64-Bit Server VM (25.362-b08 mixed mode windows-amd64 compressed oops)
# Failed to write core dump. Minidumps are not enabled by default on client versions of Windows
#

---------------  T H R E A D  ---------------

Current thread (0x000002172bdb9800):  JavaThread "C1 CompilerThread3" daemon [_thread_in_native, id=25016, stack(0x0000003749300000,0x0000003749400000)]

Stack: [0x0000003749300000,0x0000003749400000]
[error occurred during error reporting (printing stack bounds), id 0xc0000005]

Native frames: (J=compiled Java code, j=interpreted, Vv=VM code, C=native code)


Current CompileTask:
C1:    162  156       3       jdk.internal.org.objectweb.asm.Frame::execute (2252 bytes)


---------------  P R O C E S S  ---------------

Java Threads: ( => current thread )
  0x000002172be64000 JavaThread "Service Thread" daemon [_thread_blocked, id=17384, stack(0x0000003749400000,0x0000003749500000)]
=>0x000002172bdb9800 JavaThread "C1 CompilerThread3" daemon [_thread_in_native, id=25016, stack(0x0000003749300000,0x0000003749400000)]
  0x000002172bdb9000 JavaThread "C2 CompilerThread2" daemon [_thread_blocked, id=31332, stack(0x0000003749200000,0x0000003749300000)]
  0x000002172bdb1000 JavaThread "C2 CompilerThread1" daemon [_thread_blocked, id=10616, stack(0x0000003749100000,0x0000003749200000)]
  0x000002172bdae800 JavaThread "C2 CompilerThread0" daemon [_thread_blocked, id=29588, stack(0x0000003749000000,0x0000003749100000)]
  0x000002172bdac800 JavaThread "Monitor Ctrl-Break" daemon [_thread_in_native, id=30664, stack(0x0000003748f00000,0x0000003749000000)]
  0x00000217298d6800 JavaThread "Attach Listener" daemon [_thread_blocked, id=28300, stack(0x0000003748e00000,0x0000003748f00000)]
  0x000002172bcdb800 JavaThread "Signal Dispatcher" daemon [_thread_blocked, id=28244, stack(0x0000003748d00000,0x0000003748e00000)]
  0x000002172988c000 JavaThread "Finalizer" daemon [_thread_blocked, id=25572, stack(0x0000003748c00000,0x0000003748d00000)]
  0x0000021729884000 JavaThread "Reference Handler" daemon [_thread_blocked, id=5700, stack(0x0000003748b00000,0x0000003748c00000)]
  0x000002170ee18800 JavaThread "main" [_thread_in_vm, id=3760, stack(0x0000003747f00000,0x0000003748000000)]

Other Threads:
  0x000002172985c000 VMThread [stack: 0x0000003748a00000,0x0000003748b00000] [id=1676]
  0x000002172be67000 WatcherThread [stack: 0x0000003749500000,0x0000003749600000] [id=11460]

VM state:not at safepoint (normal execution)

VM Mutex/Monitor currently owned by a thread: None

heap address: 0x00000006caa00000, size: 3926 MB, Compressed Oops mode: Zero based, Oop shift amount: 3
Narrow klass base: 0x0000000000000000, Narrow klass shift: 3
Compressed class space size: 1073741824 Address: 0x00000007c0000000

Heap:
 PSYoungGen      total 73728K, used 6349K [0x000000076e380000, 0x0000000773580000, 0x00000007c0000000)
  eden space 63488K, 10% used [0x000000076e380000,0x000000076e9b36b8,0x0000000772180000)
  from space 10240K, 0% used [0x0000000772b80000,0x0000000772b80000,0x0000000773580000)
  to   space 10240K, 0% used [0x0000000772180000,0x0000000772180000,0x0000000772b80000)
 ParOldGen       total 167936K, used 0K [0x00000006caa00000, 0x00000006d4e00000, 0x000000076e380000)
  object space 167936K, 0% used [0x00000006caa00000,0x00000006caa00000,0x00000006d4e00000)
 Metaspace       used 4229K, capacity 4672K, committed 4864K, reserved 1056768K
  class space    used 461K, capacity 494K, committed 512K, reserved 1048576K

Card table byte_map: [0x000002171fe60000,0x0000021720610000] byte_map_base: 0x000002171c80b000

Marking Bits: (ParMarkBitMap*) 0x00000000702f6830
 Begin Bits: [0x0000021720b30000, 0x0000021724888000)
 End Bits:   [0x0000021724888000, 0x00000217285e0000)

Polling page: 0x0000021710a70000

CodeCache: size=245760Kb used=1315Kb max_used=1326Kb free=244444Kb
 bounds [0x0000021710aa0000, 0x0000021710d10000, 0x000002171faa0000]
 total_blobs=445 nmethods=169 adapters=190
 compilation: enabled

Compilation events (10 events):
Event: 0.154 Thread 0x000002172bdb9800  147       3       jdk.internal.org.objectweb.asm.Type::getType (269 bytes)
Event: 0.155 Thread 0x000002172bdb9800 nmethod 147 0x0000021710be2410 code [0x0000021710be2600, 0x0000021710be2ef8]
Event: 0.155 Thread 0x000002172bdb9800  150       3       java.util.Arrays$ArrayList::size (6 bytes)
Event: 0.155 Thread 0x000002172bdb9800 nmethod 150 0x0000021710be32d0 code [0x0000021710be3420, 0x0000021710be3598]
Event: 0.155 Thread 0x000002172bdb9800  152       3       java.lang.invoke.InvokerBytecodeGenerator::isStaticallyNameable (116 bytes)
Event: 0.156 Thread 0x000002172bdb9800 nmethod 152 0x0000021710be3c50 code [0x0000021710be3fc0, 0x0000021710be60f0]
Event: 0.156 Thread 0x000002172bdb9800  151       3       java.util.AbstractList$Itr::hasNext (20 bytes)
Event: 0.156 Thread 0x000002172bdb9800 nmethod 151 0x0000021710be7210 code [0x0000021710be7380, 0x0000021710be7610]
Event: 0.156 Thread 0x000002172bdb9800  156       3       jdk.internal.org.objectweb.asm.Frame::execute (2252 bytes)
Event: 0.157 Thread 0x000002172bdb1000  169       4       jdk.internal.org.objectweb.asm.ByteVector::putUTF8 (142 bytes)

GC Heap History (0 events):
No events

Deoptimization events (0 events):
No events

Classes redefined (0 events):
No events

Internal exceptions (4 events):
Event: 0.026 Thread 0x000002170ee18800 Exception <a 'java/lang/NoSuchMethodError': Method sun.misc.Unsafe.defineClass(Ljava/lang/String;[BII)Ljava/lang/Class; name or signature does not match> (0x000000076e3882a0) thrown at [C:\wsjdk\Corretto8Src\installers\windows\zip\corretto-build\buildRoot
Event: 0.027 Thread 0x000002170ee18800 Exception <a 'java/lang/NoSuchMethodError': Method sun.misc.Unsafe.prefetchRead(Ljava/lang/Object;J)V name or signature does not match> (0x000000076e388588) thrown at [C:\wsjdk\Corretto8Src\installers\windows\zip\corretto-build\buildRoot\hotspot\src\share
Event: 0.158 Thread 0x000002170ee18800 Exception <a 'java/lang/NoSuchFieldError': method resolution failed> (0x000000076e8df620) thrown at [C:\wsjdk\Corretto8Src\installers\windows\zip\corretto-build\buildRoot\hotspot\src\share\vm\prims\methodHandles.cpp, line 1194]
Event: 0.159 Thread 0x000002170ee18800 Exception <a 'java/lang/NoSuchFieldError': method resolution failed> (0x000000076e8ed150) thrown at [C:\wsjdk\Corretto8Src\installers\windows\zip\corretto-build\buildRoot\hotspot\src\share\vm\prims\methodHandles.cpp, line 1194]

Events (10 events):
Event: 0.150 loading class java/lang/invoke/WrongMethodTypeException
Event: 0.150 loading class java/lang/invoke/WrongMethodTypeException done
Event: 0.150 loading class java/lang/invoke/MethodHandleImpl$Lazy
Event: 0.150 loading class java/lang/invoke/MethodHandleImpl$Lazy done
Event: 0.151 loading class java/lang/invoke/MethodHandleImpl$IntrinsicMethodHandle
Event: 0.151 loading class java/lang/invoke/MethodHandleImpl$IntrinsicMethodHandle done
Event: 0.157 loading class java/lang/NoSuchFieldError
Event: 0.158 loading class java/lang/NoSuchFieldError done
Event: 0.158 loading class java/lang/IllegalAccessException
Event: 0.158 loading class java/lang/IllegalAccessException done


Dynamic libraries:
0x00007ff6f5950000 - 0x00007ff6f598a000 	C:\Users\kyp16\.jdks\corretto-1.8.0_362\bin\java.exe
0x00007ffb82c30000 - 0x00007ffb82e27000 	C:\WINDOWS\SYSTEM32\ntdll.dll
0x00007ffb822a0000 - 0x00007ffb8235d000 	C:\WINDOWS\System32\KERNEL32.DLL
0x00007ffb80740000 - 0x00007ffb80a36000 	C:\WINDOWS\System32\KERNELBASE.dll
0x00007ffb82900000 - 0x00007ffb829ae000 	C:\WINDOWS\System32\ADVAPI32.dll
0x00007ffb80e90000 - 0x00007ffb80f2e000 	C:\WINDOWS\System32\msvcrt.dll
0x00007ffb81460000 - 0x00007ffb814fc000 	C:\WINDOWS\System32\sechost.dll
0x00007ffb823e0000 - 0x00007ffb82506000 	C:\WINDOWS\System32\RPCRT4.dll
0x00007ffb82050000 - 0x00007ffb821ee000 	C:\WINDOWS\System32\USER32.dll
0x00007ffb80310000 - 0x00007ffb80332000 	C:\WINDOWS\System32\win32u.dll
0x00007ffb82bc0000 - 0x00007ffb82bec000 	C:\WINDOWS\System32\GDI32.dll
0x00007ffb805a0000 - 0x00007ffb806ba000 	C:\WINDOWS\System32\gdi32full.dll
0x00007ffb80ad0000 - 0x00007ffb80b6d000 	C:\WINDOWS\System32\msvcp_win.dll
0x00007ffb804a0000 - 0x00007ffb805a0000 	C:\WINDOWS\System32\ucrtbase.dll
0x00007ffb69000000 - 0x00007ffb6929a000 	C:\WINDOWS\WinSxS\amd64_microsoft.windows.common-controls_6595b64144ccf1df_6.0.19041.3570_none_60bb2a3971f3e41a\COMCTL32.dll
0x00007ffb82a60000 - 0x00007ffb82a90000 	C:\WINDOWS\System32\IMM32.DLL
0x00007ffb6e7e0000 - 0x00007ffb6e8cf000 	C:\Users\kyp16\.jdks\corretto-1.8.0_362\jre\bin\msvcr120.dll
0x00007ffb637d0000 - 0x00007ffb63876000 	C:\Users\kyp16\.jdks\corretto-1.8.0_362\jre\bin\msvcp120.dll
0x000000006fb00000 - 0x0000000070375000 	C:\Users\kyp16\.jdks\corretto-1.8.0_362\jre\bin\server\jvm.dll
0x00007ffb80c90000 - 0x00007ffb80c98000 	C:\WINDOWS\System32\PSAPI.DLL
0x00007ffb62480000 - 0x00007ffb62489000 	C:\WINDOWS\SYSTEM32\WSOCK32.dll
0x00007ffb728c0000 - 0x00007ffb728e7000 	C:\WINDOWS\SYSTEM32\WINMM.dll
0x00007ffb78df0000 - 0x00007ffb78dfa000 	C:\WINDOWS\SYSTEM32\VERSION.dll
0x00007ffb81610000 - 0x00007ffb8167b000 	C:\WINDOWS\System32\WS2_32.dll
0x00007ffb7d2f0000 - 0x00007ffb7d2ff000 	C:\Users\kyp16\.jdks\corretto-1.8.0_362\jre\bin\verify.dll
0x00007ffb6fa60000 - 0x00007ffb6fa89000 	C:\Users\kyp16\.jdks\corretto-1.8.0_362\jre\bin\java.dll
0x00007ffb6f950000 - 0x00007ffb6f97a000 	C:\Users\kyp16\.jdks\corretto-1.8.0_362\jre\bin\instrument.dll
0x00007ffb7b430000 - 0x00007ffb7b446000 	C:\Users\kyp16\.jdks\corretto-1.8.0_362\jre\bin\zip.dll
0x00007ffb81690000 - 0x00007ffb81dd4000 	C:\WINDOWS\System32\SHELL32.dll
0x00007ffb7e350000 - 0x00007ffb7eaeb000 	C:\WINDOWS\SYSTEM32\windows.storage.dll
0x00007ffb82510000 - 0x00007ffb82864000 	C:\WINDOWS\System32\combase.dll
0x00007ffb7fd50000 - 0x00007ffb7fd7d000 	C:\WINDOWS\SYSTEM32\Wldp.dll
0x00007ffb829b0000 - 0x00007ffb82a5d000 	C:\WINDOWS\System32\SHCORE.dll
0x00007ffb81de0000 - 0x00007ffb81e35000 	C:\WINDOWS\System32\shlwapi.dll
0x00007ffb80240000 - 0x00007ffb80265000 	C:\WINDOWS\SYSTEM32\profapi.dll
0x00007ffb6f930000 - 0x00007ffb6f94a000 	C:\Program Files\JetBrains\IntelliJ IDEA 2022.2.1\bin\breakgen64.dll
0x00007ffb745b0000 - 0x00007ffb745ca000 	C:\Users\kyp16\.jdks\corretto-1.8.0_362\jre\bin\net.dll
0x00007ffb7fab0000 - 0x00007ffb7fb1a000 	C:\WINDOWS\system32\mswsock.dll

VM Arguments:
jvm_args: -javaagent:C:\Program Files\JetBrains\IntelliJ IDEA 2022.2.1\lib\idea_rt.jar=58754:C:\Program Files\JetBrains\IntelliJ IDEA 2022.2.1\bin -Dfile.encoding=UTF-8 
java_command: com.chapter19.inputStream_.ObjectInputStream_
java_class_path (initial): C:\Users\kyp16\.jdks\corretto-1.8.0_362\jre\lib\charsets.jar;C:\Users\kyp16\.jdks\corretto-1.8.0_362\jre\lib\ext\access-bridge-64.jar;C:\Users\kyp16\.jdks\corretto-1.8.0_362\jre\lib\ext\cldrdata.jar;C:\Users\kyp16\.jdks\corretto-1.8.0_362\jre\lib\ext\dnsns.jar;C:\Users\kyp16\.jdks\corretto-1.8.0_362\jre\lib\ext\jaccess.jar;C:\Users\kyp16\.jdks\corretto-1.8.0_362\jre\lib\ext\jfxrt.jar;C:\Users\kyp16\.jdks\corretto-1.8.0_362\jre\lib\ext\localedata.jar;C:\Users\kyp16\.jdks\corretto-1.8.0_362\jre\lib\ext\nashorn.jar;C:\Users\kyp16\.jdks\corretto-1.8.0_362\jre\lib\ext\sunec.jar;C:\Users\kyp16\.jdks\corretto-1.8.0_362\jre\lib\ext\sunjce_provider.jar;C:\Users\kyp16\.jdks\corretto-1.8.0_362\jre\lib\ext\sunmscapi.jar;C:\Users\kyp16\.jdks\corretto-1.8.0_362\jre\lib\ext\sunpkcs11.jar;C:\Users\kyp16\.jdks\corretto-1.8.0_362\jre\lib\ext\zipfs.jar;C:\Users\kyp16\.jdks\corretto-1.8.0_362\jre\lib\jce.jar;C:\Users\kyp16\.jdks\corretto-1.8.0_362\jre\lib\jfr.jar;C:\Users\kyp16\.jdks\corretto-1.8.0_362\jre\lib\jfxswt.jar;C:\Users\kyp16\.jdks\corretto-1.8.0_362\jre\lib\jsse.jar;C:\Users\kyp16\.jdks\corretto-1.8.0_362\jre\lib\management-agent.jar;C:\Users\kyp16\.jdks\corretto-1.8.0_362\jre\lib\resources.jar;C:\Users\kyp16\.jdks\corretto-1.8.0_362\jre\lib\rt.jar;C:\Users\kyp16\IdeaProjects\JavaSE2\out\production\Javase.chapter10;C:\Users\kyp16\.m2\repository\org\junit\jupiter\junit-jupiter\5.8.1\junit-jupiter-5.8.1.jar;C:\Users\kyp16\.m2\repository\org\junit\jupiter\junit-jupiter-api\5.8.1\junit-jupiter-api-5.8.1.jar;C:\Users\kyp16\.m2\repository\org\opentest4j\opentest4j\1.2.0\opentest4j-1.2.0.jar;C:\Users\kyp16\.m2\repository\org\junit\platform\junit-platform-commons\1.8.1\junit-platform-commons-1.8.1.jar;C:\Users\kyp16\.m2\repository\org\apiguardian\apiguardian-api\1.1.2\apiguardian-api-1.1.2.jar;C:\Users\kyp16\.m2\repository\org\junit\jupiter\junit-jupiter-params\5.8.1\junit-jupiter-params-5.8.1.jar;C:\Users\kyp16\.m2\repository\org\junit\jupiter\junit-jup
Launcher Type: SUN_STANDARD

Environment Variables:
JAVA_HOME=C:\Program Files\Java\jre1.8.0_341
PATH=C:\WINDOWS\system32;C:\WINDOWS;C:\WINDOWS\System32\Wbem;C:\WINDOWS\System32\WindowsPowerShell\v1.0\;C:\Windows\System32;C:\Program Files (x86)\VMware\VMware Player\bin\;C:\WINDOWS\System32\OpenSSH\;C:\Program Files\dotnet\;c:\Program Files (x86)\Microsoft SQL Server\100\Tools\Binn\;c:\Program Files\Microsoft SQL Server\100\Tools\Binn\;c:\Program Files\Microsoft SQL Server\100\DTS\Binn\;C:\Program Files\Git\cmd;C:\Program Files\nodejs\;C:\ProgramData\chocolatey\bin;C:\Program Files\Pandoc\;C:\Users\kyp16\.jdks\corretto-1.8.0_362\bin;C:\Program Files (x86)\NetSarang\Xftp 7\;C:\Program Files (x86)\NetSarang\Xshell 7\;C:\Program Files (x86)\Tencent\微信web开发者工具\dll;%MYSQL_HOME%\bin;C:\WINDOWS;C:\WINDOWS\system32;C:\WINDOWS\System32\Wbem;C:\WINDOWS\System32\WindowsPowerShell\v1.0\;C:\Users\kyp16\AppData\Local\Microsoft\WindowsApps;C:\Program Files\Bandizip\;C:\Users\kyp16\.dotnet\tools;C:\Users\kyp16\AppData\Local\Programs\Microsoft VS Code\bin;C:\Program Files (x86)\Tencent\QQGameTempest\Hall.57795\;C:\Program Files\Java\jre1.8.0_341\bin;C:\Users\kyp16\AppData\Roaming\npm;;C:\Program Files\JetBrains\WebStorm 2022.2.3\bin;
USERNAME=kyp16
OS=Windows_NT
PROCESSOR_IDENTIFIER=AMD64 Family 23 Model 96 Stepping 1, AuthenticAMD



---------------  S Y S T E M  ---------------

OS: Windows 10 , 64 bit Build 19041 (10.0.19041.3570)

CPU:total 12 (initial active 12) (12 cores per cpu, 1 threads per core) family 23 model 96 stepping 1, cmov, cx8, fxsr, mmx, sse, sse2, sse3, ssse3, sse4.1, sse4.2, popcnt, avx, avx2, aes, clmul, mmxext, 3dnowpref, lzcnt, sse4a, tsc, tscinvbit, tscinv, bmi1

Memory: 4k page, physical 16074040k(3826284k free), swap 52507316k(4096k free)

vm_info: OpenJDK 64-Bit Server VM (25.362-b08) for windows-amd64 JRE (1.8.0_362-b08), built on Jan 13 2023 13:30:12 by "Administrator" with MS VC++ 12.0 (VS2013)

time: Tue Dec 05 22:28:48 2023
timezone: 中国标准时间
elapsed time: 0.166301 seconds (0d 0h 0m 0s)

